08/23/2018 07:45:13 PM - SeleniumDriver - INFO: Element found with locator: //a[text()='LOG IN'] and  locatorType: xpath
08/23/2018 07:45:17 PM - SeleniumDriver - INFO: Clicked on element with locator: //a[text()='LOG IN'] locatorType: xpath
08/23/2018 07:45:17 PM - SeleniumDriver - INFO: Element found with locator: username and  locatorType: id
08/23/2018 07:45:17 PM - SeleniumDriver - INFO: Clear field with locator: username locatorType: id
08/23/2018 07:45:17 PM - SeleniumDriver - INFO: Element found with locator: username and  locatorType: id
08/23/2018 07:45:17 PM - SeleniumDriver - INFO: Sent data on element with locator: username locatorType: id
08/23/2018 07:45:17 PM - SeleniumDriver - INFO: Element found with locator: password and  locatorType: id
08/23/2018 07:45:17 PM - SeleniumDriver - INFO: Clear field with locator: password locatorType: id
08/23/2018 07:45:17 PM - SeleniumDriver - INFO: Element found with locator: password and  locatorType: id
08/23/2018 07:45:17 PM - SeleniumDriver - INFO: Sent data on element with locator: password locatorType: id
08/23/2018 07:45:17 PM - SeleniumDriver - INFO: Element found with locator: //button[@type='submit'] and  locatorType: xpath
08/23/2018 07:45:22 PM - SeleniumDriver - INFO: Clicked on element with locator: //button[@type='submit'] locatorType: xpath
08/23/2018 07:45:22 PM - SeleniumDriver - INFO: Element found with locator: //a[text()='CREATE SURVEY'] and  locatorType: xpath
08/23/2018 07:45:26 PM - SeleniumDriver - INFO: Clicked on element with locator: //a[text()='CREATE SURVEY'] locatorType: xpath
08/23/2018 07:45:46 PM - SeleniumDriver - INFO: Element not found with locator: scratch and  locatorType: id
08/23/2018 07:45:46 PM - SeleniumDriver - INFO: Element not present with locator: scratch locatorType: id
08/23/2018 07:45:46 PM - SeleniumDriver - INFO: Element found with locator: surveyTitle and  locatorType: id
08/23/2018 07:45:46 PM - SeleniumDriver - INFO: Sent data on element with locator: surveyTitle locatorType: id
08/23/2018 07:45:46 PM - SeleniumDriver - INFO: Element found with locator: //div[text()='Survey category'] and  locatorType: xpath
08/23/2018 07:45:46 PM - SeleniumDriver - INFO: Clicked on element with locator: //div[text()='Survey category'] locatorType: xpath
08/23/2018 07:45:46 PM - SeleniumDriver - INFO: Element found with locator: react-select-2--option-12 and  locatorType: id
08/23/2018 07:45:46 PM - SeleniumDriver - INFO: Clicked on element with locator: react-select-2--option-12 locatorType: id
08/23/2018 07:45:46 PM - SeleniumDriver - INFO: Element found with locator: //button[text()='CREATE SURVEY'] and  locatorType: xpath
08/23/2018 07:45:46 PM - SeleniumDriver - INFO: Clicked on element with locator: //button[text()='CREATE SURVEY'] locatorType: xpath
08/23/2018 07:45:56 PM - SeleniumDriver - INFO: Element found with locator: //div[@class='dialog-btn-bar']//a[contains(text(),'REMOVE')] and  locatorType: xpath
08/23/2018 07:45:56 PM - SeleniumDriver - INFO: Element present with locator: //div[@class='dialog-btn-bar']//a[contains(text(),'REMOVE')] locatorType: xpath
08/23/2018 07:45:56 PM - SeleniumDriver - INFO: Element found with locator: //div[@class='dialog-btn-bar']//a[contains(text(),'REMOVE')] and  locatorType: xpath
08/23/2018 07:45:56 PM - SeleniumDriver - INFO: Clicked on element with locator: //div[@class='dialog-btn-bar']//a[contains(text(),'REMOVE')] locatorType: xpath
08/23/2018 07:46:23 PM - SeleniumDriver - INFO: Element found with locator: //a[text()='LOG IN'] and  locatorType: xpath
08/23/2018 07:46:27 PM - SeleniumDriver - INFO: Clicked on element with locator: //a[text()='LOG IN'] locatorType: xpath
08/23/2018 07:46:27 PM - SeleniumDriver - INFO: Element found with locator: username and  locatorType: id
08/23/2018 07:46:27 PM - SeleniumDriver - INFO: Clear field with locator: username locatorType: id
08/23/2018 07:46:27 PM - SeleniumDriver - INFO: Element found with locator: username and  locatorType: id
08/23/2018 07:46:27 PM - SeleniumDriver - INFO: Sent data on element with locator: username locatorType: id
08/23/2018 07:46:27 PM - SeleniumDriver - INFO: Element found with locator: password and  locatorType: id
08/23/2018 07:46:27 PM - SeleniumDriver - INFO: Clear field with locator: password locatorType: id
08/23/2018 07:46:27 PM - SeleniumDriver - INFO: Element found with locator: password and  locatorType: id
08/23/2018 07:46:27 PM - SeleniumDriver - INFO: Sent data on element with locator: password locatorType: id
08/23/2018 07:46:27 PM - SeleniumDriver - INFO: Element found with locator: //button[@type='submit'] and  locatorType: xpath
08/23/2018 07:46:32 PM - SeleniumDriver - INFO: Clicked on element with locator: //button[@type='submit'] locatorType: xpath
08/23/2018 07:46:32 PM - SeleniumDriver - INFO: Element found with locator: //a[text()='CREATE SURVEY'] and  locatorType: xpath
08/23/2018 07:46:36 PM - SeleniumDriver - INFO: Clicked on element with locator: //a[text()='CREATE SURVEY'] locatorType: xpath
08/23/2018 07:46:36 PM - SeleniumDriver - INFO: Element found with locator: scratch and  locatorType: id
08/23/2018 07:46:36 PM - SeleniumDriver - INFO: Element present with locator: scratch locatorType: id
08/23/2018 07:46:36 PM - SeleniumDriver - INFO: Element found with locator: scratch and  locatorType: id
08/23/2018 07:46:37 PM - SeleniumDriver - INFO: Clicked on element with locator: scratch locatorType: id
08/23/2018 07:46:37 PM - SeleniumDriver - INFO: Element found with locator: surveyTitle and  locatorType: id
08/23/2018 07:46:37 PM - SeleniumDriver - INFO: Sent data on element with locator: surveyTitle locatorType: id
08/23/2018 07:46:37 PM - SeleniumDriver - INFO: Element found with locator: //div[text()='Survey category'] and  locatorType: xpath
08/23/2018 07:46:37 PM - SeleniumDriver - INFO: Clicked on element with locator: //div[text()='Survey category'] locatorType: xpath
08/23/2018 07:46:37 PM - SeleniumDriver - INFO: Element found with locator: react-select-2--option-12 and  locatorType: id
08/23/2018 07:46:37 PM - SeleniumDriver - INFO: Clicked on element with locator: react-select-2--option-12 locatorType: id
08/23/2018 07:46:37 PM - SeleniumDriver - INFO: Element found with locator: //button[text()='CREATE SURVEY'] and  locatorType: xpath
08/23/2018 07:46:37 PM - SeleniumDriver - INFO: Clicked on element with locator: //button[text()='CREATE SURVEY'] locatorType: xpath
08/23/2018 07:46:54 PM - SeleniumDriver - INFO: Element found with locator: //div[@class='dialog-btn-bar']//a[contains(text(),'REMOVE')] and  locatorType: xpath
08/23/2018 07:46:54 PM - SeleniumDriver - INFO: Element not present with locator: //div[@class='dialog-btn-bar']//a[contains(text(),'REMOVE')] locatorType: xpath
